Aug 06, 2018 5:53:37 PM controller.LogWriter helpLog
INFO: Regular User 1 login in.
Aug 06, 2018 5:59:56 PM controller.LogWriter helpLog
INFO: Regular User 1 login in.
Aug 06, 2018 6:00:06 PM model.CardBalanceHandler helpLog
INFO: 10 dollars has been added to card 1000 New balance: $29.0
Aug 06, 2018 6:01:15 PM model.CardBalanceHandler helpLog
INFO: Card 1000 new balance: $28.0 at Tue May 01 09:00:00 EDT 2018
Aug 06, 2018 6:31:23 PM controller.LogWriter helpLog
INFO: Regular User 1 login in.
Aug 06, 2018 6:31:40 PM model.CardBalanceHandler helpLog
INFO: Card 1000 new balance: $18.0 at Tue May 01 09:00:00 EDT 2018
Aug 06, 2018 6:32:18 PM controller.LogWriter helpLog
INFO: Regular User 1 login in.
Aug 06, 2018 6:33:12 PM model.CardBalanceHandler helpLog
INFO: Card 1000 new balance: $18.0 at Tue May 01 09:00:00 EDT 2018
Aug 06, 2018 6:33:12 PM model.CardBalanceHandler helpLog
INFO: information in log.
Aug 06, 2018 6:34:14 PM controller.LogWriter helpLog
INFO: Regular User 1 login in.
Aug 06, 2018 6:41:29 PM controller.LogWriter helpLog
INFO: Regular User 1 login in.
Aug 06, 2018 7:56:23 PM controller.LogWriter helpLog
INFO: Regular User 1 login in.
Aug 06, 2018 7:56:31 PM controller.LogWriter helpLog
INFO: 10 dollars has been added to card 1000 New balance: $29.0
Aug 06, 2018 7:56:47 PM controller.LogWriter helpLog
INFO: Regular User 1 login in.
Aug 06, 2018 8:32:13 PM controller.LogWriter helpLog
INFO: Regular User 1 login in.
Aug 06, 2018 8:32:35 PM controller.LogWriter helpLog
INFO: Card 1000 new balance: $18.0 at Tue May 01 11:00:00 EDT 2018
Aug 06, 2018 8:32:35 PM controller.LogWriter helpLog
INFO: information in log.
Aug 07, 2018 1:09:44 PM controller.LogWriter helpLog
INFO: Regular User 1 login in.
Aug 07, 2018 1:09:49 PM controller.LogWriter helpLog
INFO: 10 dollars has been added to card 1000 New balance: $29.0
Aug 07, 2018 1:15:10 PM controller.LogWriter helpLog
INFO: Regular User 1 login in.
Aug 07, 2018 1:15:14 PM controller.LogWriter helpLog
INFO: 10 dollars has been added to card 1000 New balance: $29.0
Aug 07, 2018 1:16:00 PM controller.LogWriter helpLog
INFO: Regular User 1 login in.
Aug 07, 2018 1:19:05 PM controller.LogWriter helpLog
INFO: Regular User 1 login in.
Aug 07, 2018 1:19:56 PM controller.LogWriter helpLog
INFO: Regular User 1 login in.
Aug 07, 2018 1:22:17 PM controller.LogWriter helpLog
INFO: Regular User 1 login in.
Aug 07, 2018 1:23:30 PM controller.LogWriter helpLog
INFO: Regular User 1 login in.
Aug 07, 2018 1:25:19 PM controller.LogWriter helpLog
INFO: Regular User 1 login in.
Aug 07, 2018 1:25:26 PM controller.LogWriter helpLog
INFO: Card 1000 new balance: $27.5 at Tue May 01 11:00:00 EDT 2018
Aug 07, 2018 1:25:26 PM controller.LogWriter helpLog
INFO: Valid Trip. Fare deducted accordingly.
Aug 07, 2018 1:26:32 PM controller.LogWriter helpLog
INFO: Regular User 1 login in.
Aug 07, 2018 1:27:03 PM controller.LogWriter helpLog
INFO: Card 1000 new balance: $17.5 at Tue May 01 11:00:00 EDT 2018
Aug 07, 2018 1:27:03 PM controller.LogWriter helpLog
INFO: Valid Trip. Fare deducted accordingly.
Aug 07, 2018 1:27:53 PM controller.LogWriter helpLog
INFO: Regular User 1 login in.
Aug 07, 2018 1:27:57 PM controller.LogWriter helpLog
INFO: 10 dollars has been added to card 1000 New balance: $27.5
Aug 07, 2018 1:28:20 PM controller.LogWriter helpLog
INFO: Regular User 1 login in.
Aug 07, 2018 1:28:27 PM controller.LogWriter helpLog
INFO: Card 1000 new balance: $17.5 at Tue May 01 11:00:00 EDT 2018
Aug 07, 2018 1:28:27 PM controller.LogWriter helpLog
INFO: Valid Trip. Fare deducted accordingly.
Aug 07, 2018 1:29:04 PM controller.LogWriter helpLog
INFO: Card 1000 new balance: $15.5 at Tue May 01 11:00:00 EDT 2018
Aug 07, 2018 1:29:04 PM controller.LogWriter helpLog
INFO: Valid Trip. Fare deducted accordingly.
Aug 07, 2018 1:30:08 PM controller.LogWriter helpLog
INFO: Regular User 1 login in.
Aug 07, 2018 1:30:30 PM controller.LogWriter helpLog
INFO: Card 1000 new balance: $15.0 at Tue May 01 10:10:00 EDT 2018
Aug 07, 2018 1:30:30 PM controller.LogWriter helpLog
INFO: Valid Trip. Fare deducted accordingly.
Aug 07, 2018 1:31:18 PM controller.LogWriter helpLog
INFO: Card 1000 new balance: $14.5 at Tue May 01 11:00:00 EDT 2018
Aug 07, 2018 1:31:18 PM controller.LogWriter helpLog
INFO: Valid Trip. Fare deducted accordingly.
Aug 07, 2018 1:32:17 PM controller.LogWriter helpLog
INFO: Card 1000 new balance: $13.5 at Tue May 01 12:00:00 EDT 2018
Aug 07, 2018 1:32:17 PM controller.LogWriter helpLog
INFO: Valid Trip. Fare deducted accordingly.
Aug 07, 2018 1:33:02 PM controller.LogWriter helpLog
INFO: Regular User 1 login in.
Aug 07, 2018 1:35:50 PM controller.LogWriter helpLog
INFO: Card 1000 new balance: $13.0 at Tue May 01 13:00:00 EDT 2018
Aug 07, 2018 1:35:50 PM controller.LogWriter helpLog
INFO: Valid Trip. Fare deducted accordingly.
Aug 07, 2018 1:36:13 PM controller.LogWriter helpLog
INFO: Regular User 22 login in.
Aug 07, 2018 1:36:25 PM controller.LogWriter helpLog
INFO: Card 1000 new balance: $18.5 at Tue May 01 10:10:00 EDT 2018
Aug 07, 2018 1:36:25 PM controller.LogWriter helpLog
INFO: Valid Trip. Fare deducted accordingly.
Aug 07, 2018 1:37:36 PM controller.LogWriter helpLog
INFO: Regular User 22 login in.
Aug 07, 2018 1:39:13 PM controller.LogWriter helpLog
INFO: Card 1000 new balance: $17.5 at Tue May 01 10:20:00 EDT 2018
Aug 07, 2018 1:39:51 PM controller.LogWriter helpLog
INFO: Valid Trip. Fare deducted accordingly.
Aug 07, 2018 1:42:13 PM controller.LogWriter helpLog
INFO: Regular User 1 login in.
Aug 07, 2018 1:42:34 PM controller.LogWriter helpLog
INFO: Card 1000 new balance: $12.5 at Tue May 01 20:17:00 EDT 2018
Aug 07, 2018 1:42:34 PM controller.LogWriter helpLog
INFO: Valid Trip. Fare deducted accordingly.
Aug 07, 2018 1:42:54 PM controller.LogWriter helpLog
INFO: Card 1000 new balance: $12.0 at Sat Jun 02 05:13:00 EDT 2018
Aug 07, 2018 1:42:54 PM controller.LogWriter helpLog
INFO: Valid Trip. Fare deducted accordingly.
Aug 07, 2018 1:57:10 PM controller.LogWriter helpLog
INFO: Regular User 1 login in.
Aug 07, 2018 1:57:28 PM controller.LogWriter helpLog
INFO: 20 dollars has been added to card 1000 New balance: $39.0
Aug 07, 2018 1:57:28 PM controller.LogWriter helpLog
INFO: 20 dollars has been added to card 1000 New balance: $59.0
Aug 07, 2018 1:57:34 PM controller.LogWriter helpLog
INFO: 10 dollars has been added to card 1000 New balance: $69.0
Aug 07, 2018 1:58:16 PM controller.LogWriter helpLog
INFO: Regular User 2 login in.
Aug 07, 2018 2:00:18 PM controller.LogWriter helpLog
INFO: Regular User 1 login in.
Aug 07, 2018 2:02:04 PM controller.LogWriter helpLog
INFO: Regular User 1 login in.
Aug 07, 2018 2:04:08 PM controller.LogWriter helpLog
INFO: Regular User 1 login in.
Aug 07, 2018 2:06:41 PM controller.LogWriter helpLog
INFO: Regular User 1 login in.
Aug 07, 2018 2:11:43 PM controller.LogWriter helpLog
INFO: Regular User 1 login in.
Aug 07, 2018 2:11:46 PM controller.LogWriter helpLog
WARNING: Card 1000 has been suspended.
Aug 07, 2018 2:11:57 PM controller.LogWriter helpLog
INFO: Regular User 1 login in.
Aug 07, 2018 2:20:55 PM controller.LogWriter helpLog
INFO: Regular User 1 login in.
Aug 07, 2018 2:23:22 PM controller.LogWriter helpLog
INFO: Regular User 1 login in.
Aug 07, 2018 2:23:34 PM controller.LogWriter helpLog
INFO: Regular User 1 login in.
Aug 07, 2018 2:25:19 PM controller.LogWriter helpLog
INFO: Regular User 1 login in.
Aug 07, 2018 2:25:33 PM controller.LogWriter helpLog
INFO: Regular User 1 login in.
Aug 07, 2018 2:28:15 PM controller.LogWriter helpLog
INFO: Regular User 1 login in.
Aug 07, 2018 2:28:24 PM controller.LogWriter helpLog
INFO: Regular User 1 login in.
Aug 07, 2018 2:56:50 PM controller.LogWriter helpLog
INFO: Regular User 1 login in.
Aug 07, 2018 3:38:17 PM controller.LogWriter helpLog
INFO: Regular User 1 login in.
Aug 07, 2018 3:52:57 PM controller.LogWriter helpLog
INFO: Regular User 1 login in.
Aug 07, 2018 3:53:02 PM controller.LogWriter helpLog
INFO: 10 dollars has been added to card 1000 New balance: $29.0
Aug 07, 2018 3:53:34 PM controller.LogWriter helpLog
INFO: Card 1000 new balance: $28.0 at Tue May 01 22:13:00 EDT 2018
Aug 07, 2018 3:53:34 PM controller.LogWriter helpLog
INFO: Valid Trip. Fare deducted accordingly.
Aug 07, 2018 3:53:54 PM controller.LogWriter helpLog
INFO: Admin User login in.
Aug 07, 2018 3:56:39 PM controller.LogWriter helpLog
INFO: Admin User login in.
Aug 07, 2018 3:59:09 PM controller.LogWriter helpLog
INFO: Admin User login in.
Aug 07, 2018 4:06:55 PM controller.LogWriter helpLog
INFO: Admin User login in.
Aug 07, 2018 4:07:08 PM controller.LogWriter helpLog
INFO: Regular User 1 login in.
Aug 07, 2018 4:07:26 PM controller.LogWriter helpLog
INFO: Card 1000 new balance: $27.0 at Tue May 01 21:13:00 EDT 2018
Aug 07, 2018 4:07:26 PM controller.LogWriter helpLog
INFO: Valid Trip. Fare deducted accordingly.
Aug 07, 2018 4:07:50 PM controller.LogWriter helpLog
WARNING: user adminuser@mail.com trying to login but failed: wrong password.
Aug 07, 2018 4:07:54 PM controller.LogWriter helpLog
WARNING: user adminuser@mail.com trying to login but failed: wrong password.
Aug 07, 2018 4:08:00 PM controller.LogWriter helpLog
WARNING: user adminuser@mail.com trying to login but failed: wrong password.
Aug 07, 2018 4:08:06 PM controller.LogWriter helpLog
INFO: Admin User login in.
Aug 07, 2018 4:10:01 PM controller.LogWriter helpLog
INFO: Admin User login in.
Aug 07, 2018 4:10:36 PM controller.LogWriter helpLog
INFO: Admin User login in.
